cl : 命令行 warning D9025: 正在重写“/MTd”(用“/MDd”)
  SandboxApp.cpp
D:\Engine\Hazel\Hazel\src\Hazel\Log.h(21,48): warning C4251: “Hazel::Log::s_CoreLogger”: class“std::shared_ptr<spdlog::logger>”需要有 dll 接口由 class“Hazel::Log”的客户端使用
D:\Engine\Hazel\Hazel\vendor\spdlog\include\spdlog\details\registry.h(34): message : 参见“std::shared_ptr<spdlog::logger>”的声明
D:\Engine\Hazel\Hazel\src\Hazel\Log.h(22,48): warning C4251: “Hazel::Log::s_ClientLogger”: class“std::shared_ptr<spdlog::logger>”需要有 dll 接口由 class“Hazel::Log”的客户端使用
D:\Engine\Hazel\Hazel\vendor\spdlog\include\spdlog\details\registry.h(34): message : 参见“std::shared_ptr<spdlog::logger>”的声明
D:\Engine\Hazel\Hazel\src\Hazel\Layer.h(21,21): warning C4251: “Hazel::Layer::m_DebugName”: class“std::basic_string<char,std::char_traits<char>,std::allocator<char>>”需要有 dll 接口由 class“Hazel::Layer”的客户端使用
E:\VS\VC\Tools\MSVC\14.29.30133\include\xstring(4905): message : 参见“std::basic_string<char,std::char_traits<char>,std::allocator<char>>”的声明
D:\Engine\Hazel\Hazel\src\Hazel\LayerStack.h(25,29): warning C4251: “Hazel::LayerStack::m_Layers”: class“std::vector<Hazel::Layer *,std::allocator<Hazel::Layer *>>”需要有 dll 接口由 class“Hazel::LayerStack”的客户端使用
D:\Engine\Hazel\Hazel\src\Hazel\LayerStack.h(21): message : 参见“std::vector<Hazel::Layer *,std::allocator<Hazel::Layer *>>”的声明
D:\Engine\Hazel\Hazel\src\Hazel\LayerStack.h(26,39): warning C4251: “Hazel::LayerStack::m_LayerInsert”: class“std::_Vector_iterator<std::_Vector_val<std::_Simple_types<_Ty>>>”需要有 dll 接口由 class“Hazel::LayerStack”的客户端使用
          with
          [
              _Ty=Hazel::Layer *
          ]
E:\VS\VC\Tools\MSVC\14.29.30133\include\vector(470): message : 参见“std::_Vector_iterator<std::_Vector_val<std::_Simple_types<_Ty>>>”的声明
          with
          [
              _Ty=Hazel::Layer *
          ]
D:\Engine\Hazel\Hazel\src\Hazel\Events\ApplicationEvent.h(7,5): warning C4275: 非 dll 接口 class“Hazel::Event”用作 dll 接口 class“Hazel::WindowResizeEvent”的基
D:\Engine\Hazel\Hazel\src\Hazel\Events\Event.h(37): message : 参见“Hazel::Event”的声明
D:\Engine\Hazel\Hazel\src\Hazel\Events\ApplicationEvent.h(6): message : 参见“Hazel::WindowResizeEvent”的声明
D:\Engine\Hazel\Hazel\src\Hazel\Application.h(25,33): warning C4251: “Hazel::Application::m_Window”: class“std::unique_ptr<Hazel::Window,std::default_delete<Hazel::Window>>”需要有 dll 接口由 class“Hazel::Application”的客户端使用
D:\Engine\Hazel\Hazel\src\Hazel\Application.h(25): message : 参见“std::unique_ptr<Hazel::Window,std::default_delete<Hazel::Window>>”的声明
  Sandbox.vcxproj -> D:\Engine\Hazel\bin\Debug-windows-x86_64\Sandbox\Sandbox.exe
