  context.c
c1 : fatal error C1083: 无法打开源文件: “..\..\..\src\context.c”: No such file or directory
  egl_context.c
c1 : fatal error C1083: 无法打开源文件: “..\..\..\src\egl_context.c”: No such file or directory
  init.c
c1 : fatal error C1083: 无法打开源文件: “..\..\..\src\init.c”: No such file or directory
  input.c
c1 : fatal error C1083: 无法打开源文件: “..\..\..\src\input.c”: No such file or directory
  monitor.c
c1 : fatal error C1083: 无法打开源文件: “..\..\..\src\monitor.c”: No such file or directory
  null_init.c
c1 : fatal error C1083: 无法打开源文件: “..\..\..\src\null_init.c”: No such file or directory
  null_joystick.c
c1 : fatal error C1083: 无法打开源文件: “..\..\..\src\null_joystick.c”: No such file or directory
  null_monitor.c
c1 : fatal error C1083: 无法打开源文件: “..\..\..\src\null_monitor.c”: No such file or directory
  null_window.c
c1 : fatal error C1083: 无法打开源文件: “..\..\..\src\null_window.c”: No such file or directory
  osmesa_context.c
c1 : fatal error C1083: 无法打开源文件: “..\..\..\src\osmesa_context.c”: No such file or directory
  platform.c
c1 : fatal error C1083: 无法打开源文件: “..\..\..\src\platform.c”: No such file or directory
  vulkan.c
c1 : fatal error C1083: 无法打开源文件: “..\..\..\src\vulkan.c”: No such file or directory
  wgl_context.c
c1 : fatal error C1083: 无法打开源文件: “..\..\..\src\wgl_context.c”: No such file or directory
  win32_init.c
c1 : fatal error C1083: 无法打开源文件: “..\..\..\src\win32_init.c”: No such file or directory
  win32_joystick.c
c1 : fatal error C1083: 无法打开源文件: “..\..\..\src\win32_joystick.c”: No such file or directory
  win32_module.c
c1 : fatal error C1083: 无法打开源文件: “..\..\..\src\win32_module.c”: No such file or directory
  win32_monitor.c
c1 : fatal error C1083: 无法打开源文件: “..\..\..\src\win32_monitor.c”: No such file or directory
  win32_thread.c
c1 : fatal error C1083: 无法打开源文件: “..\..\..\src\win32_thread.c”: No such file or directory
  win32_time.c
c1 : fatal error C1083: 无法打开源文件: “..\..\..\src\win32_time.c”: No such file or directory
  win32_window.c
c1 : fatal error C1083: 无法打开源文件: “..\..\..\src\win32_window.c”: No such file or directory
  正在生成代码...
  正在编译...
  window.c
c1 : fatal error C1083: 无法打开源文件: “..\..\..\src\window.c”: No such file or directory
  正在生成代码...
